
                                                                              < M A T L A B (R) >
                                                                    Copyright 1984-2020 The MathWorks, Inc.
                                                                R2020b Update 3 (9.9.0.1538559) 64-bit (glnxa64)
                                                                               November 23, 2020

 
To get started, type doc.
For product information, visit www.mathworks.com.
 

f =

     2

Elapsed time is 7.709089 seconds.

f =

     1

Elapsed time is 0.866454 seconds.

f =

     1

Elapsed time is 0.864185 seconds.
Starting parallel pool (parpool) using the 'local' profile ...
Connected to the parallel pool (number of workers: 1).

f =

     2

Elapsed time is 7.886528 seconds.

f =

     1

Elapsed time is 0.896990 seconds.

f =

     1

Elapsed time is 0.897515 seconds.

f =

     1

Elapsed time is 0.981463 seconds.

f =

     1

Elapsed time is 0.919781 seconds.

f =

     1

Elapsed time is 0.910531 seconds.

f =

     1

Elapsed time is 0.904932 seconds.

f =

     1

Elapsed time is 0.919420 seconds.

f =

     1

Elapsed time is 0.895068 seconds.

f =

     1

Elapsed time is 0.892861 seconds.

f =

     1

Elapsed time is 0.897973 seconds.

f =

     1

Elapsed time is 0.896251 seconds.

f =

     1

Elapsed time is 0.899033 seconds.

f =

     1

Elapsed time is 0.905471 seconds.

f =

     1

Elapsed time is 0.896817 seconds.

f =

     1

Elapsed time is 0.906711 seconds.

f =

     1

Elapsed time is 0.916942 seconds.

f =

     1

Elapsed time is 0.906373 seconds.

f =

     1

Elapsed time is 0.924687 seconds.

f =

     1

Elapsed time is 1.193820 seconds.

f =

     1

Elapsed time is 1.122289 seconds.

f =

     1

Elapsed time is 0.903916 seconds.

f =

     1

Elapsed time is 0.905886 seconds.

f =

     1

Elapsed time is 0.900522 seconds.

f =

     1

Elapsed time is 0.906229 seconds.

f =

     1

Elapsed time is 0.903341 seconds.

f =

     1

Elapsed time is 0.908354 seconds.

f =

     1

Elapsed time is 0.908714 seconds.

f =

     1

Elapsed time is 0.913292 seconds.

f =

     1

Elapsed time is 0.899508 seconds.

f =

     1

Elapsed time is 0.892503 seconds.

f =

     1

Elapsed time is 0.910323 seconds.

f =

     1

Elapsed time is 0.909321 seconds.

f =

     1

Elapsed time is 0.906208 seconds.

f =

     1

Elapsed time is 0.909801 seconds.

f =

     1

Elapsed time is 0.902418 seconds.

f =

     1

Elapsed time is 0.906858 seconds.

f =

     1

Elapsed time is 0.910340 seconds.

f =

     1

Elapsed time is 0.906695 seconds.

f =

     1

Elapsed time is 0.906345 seconds.

f =

     1

Elapsed time is 0.903989 seconds.

f =

     1

Elapsed time is 0.895789 seconds.

f =

     1

Elapsed time is 0.902579 seconds.

f =

     1

Elapsed time is 0.909198 seconds.

f =

     1

Elapsed time is 0.907118 seconds.

f =

     1

Elapsed time is 0.899987 seconds.

f =

     0


f =

   -0.0116


f =

   -0.0230


f =

   -0.0344


f =

   -0.0458


f =

   -0.0570


f =

   -0.0681


f =

   -0.0791


f =

   -0.0901


f =

   -0.1009


f =

   -0.1116


f =

   -0.1222


f =

   -0.1327


f =

   -0.1430


f =

   -0.1532


f =

   -0.1633


f =

   -0.1732


f =

   -0.1828


f =

   -0.1923


f =

   -0.2016


f =

   -0.2105


f =

   -0.2192


f =

   -0.2275


f =

   -0.2353


f =

   -0.2427


f =

   -0.2493


f =

   -0.2552


f =

   -0.2601


f =

   -0.2639

Elapsed time is 126.229039 seconds.

f =

     0


f =

   -0.0116


f =

   -0.0230


f =

   -0.0344


f =

   -0.0458


f =

   -0.0570


f =

   -0.0681


f =

   -0.0791


f =

   -0.0901


f =

   -0.1009


f =

   -0.1116


f =

   -0.1222


f =

   -0.1327


f =

   -0.1430


f =

   -0.1532


f =

   -0.1633


f =

   -0.1732


f =

   -0.1828


f =

   -0.1923


f =

   -0.2016


f =

   -0.2105


f =

   -0.2192


f =

   -0.2275


f =

   -0.2353


f =

   -0.2427


f =

   -0.2493


f =

   -0.2552


f =

   -0.2601


f =

   -0.2639

Elapsed time is 126.507769 seconds.

f =

     0


f =

   -0.0116


f =

   -0.0230


f =

   -0.0344


f =

   -0.0458


f =

   -0.0570


f =

   -0.0681


f =

   -0.0791


f =

   -0.0901


f =

   -0.1009


f =

   -0.1116


f =

   -0.1222


f =

   -0.1327


f =

   -0.1430


f =

   -0.1532


f =

   -0.1633


f =

   -0.1732


f =

   -0.1828


f =

   -0.1923


f =

   -0.2016


f =

   -0.2105


f =

   -0.2192


f =

   -0.2275


f =

   -0.2353


f =

   -0.2427


f =

   -0.2493


f =

   -0.2552


f =

   -0.2601


f =

   -0.2639

Elapsed time is 123.885417 seconds.

f =

     1

Elapsed time is 0.922358 seconds.

f =

     2

Elapsed time is 4.991756 seconds.

f =

     2

Elapsed time is 5.001627 seconds.

f =

     2

Elapsed time is 4.995155 seconds.

f =

     1

Elapsed time is 0.892208 seconds.

f =

     2

Elapsed time is 4.981118 seconds.

f =

     2

Elapsed time is 4.987961 seconds.

f =

     2

Elapsed time is 5.006369 seconds.

f =

     2

Elapsed time is 5.015678 seconds.

f =

     0


f =

   -0.0122


f =

   -0.0243


f =

   -0.0364


f =

   -0.0483


f =

   -0.0601


f =

   -0.0719


f =

   -0.0836


f =

   -0.0951


f =

   -0.1066


f =

   -0.1179


f =

   -0.1291


f =

   -0.1402


f =

   -0.1511


f =

   -0.1619


f =

   -0.1726


f =

   -0.1830


f =

   -0.1933


f =

   -0.2034


f =

   -0.2132


f =

   -0.2228


f =

   -0.2320


f =

   -0.2409


f =

   -0.2494


f =

   -0.2573


f =

   -0.2647


f =

   -0.2712


f =

   -0.2769


f =

   -0.2814

Elapsed time is 124.339822 seconds.

f =

     0


f =

   -0.0122


f =

   -0.0243


f =

   -0.0364


f =

   -0.0483


f =

   -0.0601


f =

   -0.0719


f =

   -0.0836


f =

   -0.0951


f =

   -0.1066


f =

   -0.1179


f =

   -0.1291


f =

   -0.1402


f =

   -0.1511


f =

   -0.1619


f =

   -0.1726


f =

   -0.1830


f =

   -0.1933


f =

   -0.2034


f =

   -0.2132


f =

   -0.2228


f =

   -0.2320


f =

   -0.2409


f =

   -0.2494


f =

   -0.2573


f =

   -0.2647


f =

   -0.2712


f =

   -0.2769


f =

   -0.2814

Elapsed time is 124.644064 seconds.

f =

     0


f =

   -0.0122


f =

   -0.0243


f =

   -0.0364


f =

   -0.0483


f =

   -0.0601


f =

   -0.0719


f =

   -0.0836


f =

   -0.0951


f =

   -0.1066


f =

   -0.1179


f =

   -0.1291


f =

   -0.1402


f =

   -0.1511


f =

   -0.1619


f =

   -0.1726


f =

   -0.1830


f =

   -0.1933


f =

   -0.2034


f =

   -0.2132


f =

   -0.2228


f =

   -0.2320


f =

   -0.2409


f =

   -0.2494


f =

   -0.2573


f =

   -0.2647


f =

   -0.2712


f =

   -0.2769


f =

   -0.2814

Elapsed time is 123.945347 seconds.

f =

     1

Elapsed time is 0.888338 seconds.

f =

     2

Elapsed time is 5.014342 seconds.

f =

     2

Elapsed time is 4.982973 seconds.

f =

     2

Elapsed time is 4.997438 seconds.

f =

     2

Elapsed time is 4.984491 seconds.

f =

     2

Elapsed time is 4.977792 seconds.

f =

     2

Elapsed time is 4.990053 seconds.

f =

     2

Elapsed time is 5.276108 seconds.

f =

     0


f =

   -0.0125


f =

   -0.0249


f =

   -0.0372


f =

   -0.0494


f =

   -0.0615


f =

   -0.0736


f =

   -0.0855


f =

   -0.0973


f =

   -0.1090


f =

   -0.1206


f =

   -0.1321


f =

   -0.1434


f =

   -0.1547


f =

   -0.1657


f =

   -0.1766


f =

   -0.1874


f =

   -0.1979


f =

   -0.2082


f =

   -0.2183


f =

   -0.2281


f =

   -0.2376


f =

   -0.2468


f =

   -0.2555


f =

   -0.2638


f =

   -0.2714


f =

   -0.2783


f =

   -0.2843


f =

   -0.2891

Elapsed time is 124.548575 seconds.

f =

     0


f =

   -0.0125


f =

   -0.0249


f =

   -0.0372


f =

   -0.0494


f =

   -0.0615


f =

   -0.0736


f =

   -0.0855


f =

   -0.0973


f =

   -0.1090


f =

   -0.1206


f =

   -0.1321


f =

   -0.1434


f =

   -0.1547


f =

   -0.1657


f =

   -0.1766


f =

   -0.1874


f =

   -0.1979


f =

   -0.2082


f =

   -0.2183


f =

   -0.2281


f =

   -0.2376


f =

   -0.2468


f =

   -0.2555


f =

   -0.2638


f =

   -0.2714


f =

   -0.2783


f =

   -0.2843


f =

   -0.2891

Elapsed time is 124.659454 seconds.

f =

     0


f =

   -0.0125


f =

   -0.0249


f =

   -0.0372


f =

   -0.0494


f =

   -0.0615


f =

   -0.0736


f =

   -0.0855


f =

   -0.0973


f =

   -0.1090


f =

   -0.1206


f =

   -0.1321


f =

   -0.1434


f =

   -0.1547


f =

   -0.1657


f =

   -0.1766


f =

   -0.1874


f =

   -0.1979


f =

   -0.2082


f =

   -0.2183


f =

   -0.2281


f =

   -0.2376


f =

   -0.2468


f =

   -0.2555


f =

   -0.2638


f =

   -0.2714


f =

   -0.2783


f =

   -0.2843


f =

   -0.2891

Elapsed time is 124.399170 seconds.

f =

     1

Elapsed time is 0.885147 seconds.

f =

     2

Elapsed time is 4.985592 seconds.

f =

     2

Elapsed time is 4.978204 seconds.

f =

     2

Elapsed time is 5.006567 seconds.

f =

     2

Elapsed time is 5.006925 seconds.

f =

     2

Elapsed time is 4.988116 seconds.

f =

     2

Elapsed time is 5.000379 seconds.

f =

     2

Elapsed time is 4.984371 seconds.

f =

     0


f =

   -0.0126


f =

   -0.0251


f =

   -0.0376


f =

   -0.0499


f =

   -0.0622


f =

   -0.0743


f =

   -0.0863


f =

   -0.0983


f =

   -0.1101


f =

   -0.1218


f =

   -0.1334


f =

   -0.1449


f =

   -0.1562


f =

   -0.1674


f =

   -0.1784


f =

   -0.1892


f =

   -0.1999


f =

   -0.2103


f =

   -0.2205


f =

   -0.2305


f =

   -0.2401


f =

   -0.2494


f =

   -0.2582


f =

   -0.2666


f =

   -0.2743


f =

   -0.2814


f =

   -0.2875


f =

   -0.2925


f =

   -0.2963

Elapsed time is 127.915714 seconds.

f =

     0


f =

   -0.0126


f =

   -0.0251


f =

   -0.0376


f =

   -0.0499


f =

   -0.0622


f =

   -0.0743


f =

   -0.0863


f =

   -0.0983


f =

   -0.1101


f =

   -0.1218


f =

   -0.1334


f =

   -0.1449


f =

   -0.1562


f =

   -0.1674


f =

   -0.1784


f =

   -0.1892


f =

   -0.1999


f =

   -0.2103


f =

   -0.2205


f =

   -0.2305


f =

   -0.2401


f =

   -0.2494


f =

   -0.2582


f =

   -0.2666


f =

   -0.2743


f =

   -0.2814


f =

   -0.2875


f =

   -0.2925


f =

   -0.2963

Elapsed time is 128.086855 seconds.

f =

     0


f =

   -0.0126


f =

   -0.0251


f =

   -0.0376


f =

   -0.0499


f =

   -0.0622


f =

   -0.0743


f =

   -0.0863


f =

   -0.0983


f =

   -0.1101


f =

   -0.1218


f =

   -0.1334


f =

   -0.1449


f =

   -0.1562


f =

   -0.1674


f =

   -0.1784


f =

   -0.1892


f =

   -0.1999


f =

   -0.2103


f =

   -0.2205


f =

   -0.2305


f =

   -0.2401


f =

   -0.2494


f =

   -0.2582


f =

   -0.2666


f =

   -0.2743


f =

   -0.2814


f =

   -0.2875


f =

   -0.2925


f =

   -0.2963

Elapsed time is 128.090216 seconds.

f =

     1

Elapsed time is 0.892372 seconds.

f =

     2

Elapsed time is 4.974522 seconds.

f =

     2

Elapsed time is 4.937046 seconds.

f =

     2

Elapsed time is 4.971078 seconds.

f =

     2

Elapsed time is 4.965406 seconds.

f =

     2

Elapsed time is 4.965240 seconds.

f =

     2

Elapsed time is 4.978410 seconds.

f =

     2

Elapsed time is 4.975024 seconds.

f =

     2

Elapsed time is 4.981287 seconds.

f =

     0


f =

   -0.0126


f =

   -0.0252


f =

   -0.0376


f =

   -0.0500


f =

   -0.0623


f =

   -0.0745


f =

   -0.0865


f =

   -0.0985


f =

   -0.1104


f =

   -0.1221


f =

   -0.1337


f =

   -0.1452


f =

   -0.1566


f =

   -0.1678


f =

   -0.1788


f =

   -0.1897


f =

   -0.2003


f =

   -0.2108


f =

   -0.2210


f =

   -0.2310


f =

   -0.2406


f =

   -0.2499


f =

   -0.2588


f =

   -0.2672


f =

   -0.2750


f =

   -0.2820


f =

   -0.2882


f =

   -0.2933


f =

   -0.2971

Elapsed time is 127.520126 seconds.

f =

     0


f =

   -0.0126


f =

   -0.0252


f =

   -0.0376


f =

   -0.0500


f =

   -0.0623


f =

   -0.0745


f =

   -0.0865


f =

   -0.0985


f =

   -0.1104


f =

   -0.1221


f =

   -0.1337


f =

   -0.1452


f =

   -0.1566


f =

   -0.1678


f =

   -0.1788


f =

   -0.1897


f =

   -0.2003


f =

   -0.2108


f =

   -0.2210


f =

   -0.2310


f =

   -0.2406


f =

   -0.2499


f =

   -0.2588


f =

   -0.2672


f =

   -0.2750


f =

   -0.2820


f =

   -0.2882


f =

   -0.2933


f =

   -0.2971

Elapsed time is 128.122549 seconds.

f =

     0


f =

   -0.0126


f =

   -0.0252


f =

   -0.0376


f =

   -0.0500


f =

   -0.0623


f =

   -0.0745


f =

   -0.0865


f =

   -0.0985


f =

   -0.1104


f =

   -0.1221


f =

   -0.1337


f =

   -0.1452


f =

   -0.1566


f =

   -0.1678


f =

   -0.1788


f =

   -0.1897


f =

   -0.2003


f =

   -0.2108


f =

   -0.2210


f =

   -0.2310


f =

   -0.2406


f =

   -0.2499


f =

   -0.2588


f =

   -0.2672


f =

   -0.2750


f =

   -0.2820


f =

   -0.2882


f =

   -0.2933


f =

   -0.2971

Elapsed time is 128.006685 seconds.

f =

     1

Elapsed time is 0.888083 seconds.

f =

     2

Elapsed time is 4.994783 seconds.

f =

     2

Elapsed time is 4.995130 seconds.

f =

     2

Elapsed time is 5.000615 seconds.

f =

     2

Elapsed time is 5.018862 seconds.

f =

     2

Elapsed time is 5.031476 seconds.

f =

     2

Elapsed time is 5.036878 seconds.

f =

     2

Elapsed time is 5.007447 seconds.

f =

     0


f =

   -0.0126


f =

   -0.0252


f =

   -0.0377


f =

   -0.0501


f =

   -0.0623


f =

   -0.0745


f =

   -0.0866


f =

   -0.0986


f =

   -0.1105


f =

   -0.1222


f =

   -0.1338


f =

   -0.1453


f =

   -0.1567


f =

   -0.1679


f =

   -0.1790


f =

   -0.1898


f =

   -0.2005


f =

   -0.2110


f =

   -0.2212


f =

   -0.2312


f =

   -0.2409


f =

   -0.2502


f =

   -0.2591


f =

   -0.2675


f =

   -0.2753


f =

   -0.2823


f =

   -0.2885


f =

   -0.2936


f =

   -0.2974

Elapsed time is 127.453459 seconds.

f =

     0


f =

   -0.0126


f =

   -0.0252


f =

   -0.0377


f =

   -0.0501


f =

   -0.0623


f =

   -0.0745


f =

   -0.0866


f =

   -0.0986


f =

   -0.1105


f =

   -0.1222


f =

   -0.1338


f =

   -0.1453


f =

   -0.1567


f =

   -0.1679


f =

   -0.1790


f =

   -0.1898


f =

   -0.2005


f =

   -0.2110


f =

   -0.2212


f =

   -0.2312


f =

   -0.2409


f =

   -0.2502


f =

   -0.2591


f =

   -0.2675


f =

   -0.2753


f =

   -0.2823


f =

   -0.2885


f =

   -0.2936


f =

   -0.2974

Elapsed time is 128.195276 seconds.

f =

     0


f =

   -0.0126


f =

   -0.0252


f =

   -0.0377


f =

   -0.0501


f =

   -0.0623


f =

   -0.0745


f =

   -0.0866


f =

   -0.0986


f =

   -0.1105


f =

   -0.1222


f =

   -0.1338


f =

   -0.1453


f =

   -0.1567


f =

   -0.1679


f =

   -0.1790


f =

   -0.1898


f =

   -0.2005


f =

   -0.2110


f =

   -0.2212


f =

   -0.2312


f =

   -0.2409


f =

   -0.2502


f =

   -0.2591


f =

   -0.2675


f =

   -0.2753


f =

   -0.2823


f =

   -0.2885


f =

   -0.2936


f =

   -0.2974

Elapsed time is 128.011537 seconds.

f =

     1

Elapsed time is 0.883828 seconds.

f =

     2

Elapsed time is 4.973413 seconds.

f =

     2

Elapsed time is 5.004226 seconds.

f =

     2

Elapsed time is 5.014572 seconds.

f =

     2

Elapsed time is 5.016700 seconds.

f =

     2

Elapsed time is 4.992146 seconds.

f =

     2

Elapsed time is 4.987174 seconds.

f =

     2

Elapsed time is 4.986440 seconds.

f =

     2

Elapsed time is 4.999762 seconds.

f =

     2

Elapsed time is 4.982491 seconds.

f =

     0


f =

   -0.0127


f =

   -0.0252


f =

   -0.0377


f =

   -0.0501


f =

   -0.0624


f =

   -0.0745


f =

   -0.0866


f =

   -0.0986


f =

   -0.1105


f =

   -0.1222


f =

   -0.1339


f =

   -0.1454


f =

   -0.1567


f =

   -0.1679


f =

   -0.1790


f =

   -0.1899


f =

   -0.2006


f =

   -0.2110


f =

   -0.2213


f =

   -0.2312


f =

   -0.2409


f =

   -0.2502


f =

   -0.2591


f =

   -0.2675


f =

   -0.2753


f =

   -0.2824


f =

   -0.2885


f =

   -0.2936


f =

   -0.2975

Elapsed time is 127.742119 seconds.

f =

     0


f =

   -0.0127


f =

   -0.0252


f =

   -0.0377


f =

   -0.0501


f =

   -0.0624


f =

   -0.0745


f =

   -0.0866


f =

   -0.0986


f =

   -0.1105


f =

   -0.1222


f =

   -0.1339


f =

   -0.1454


f =

   -0.1567


f =

   -0.1679


f =

   -0.1790


f =

   -0.1899


f =

   -0.2006


f =

   -0.2110


f =

   -0.2213


f =

   -0.2312


f =

   -0.2409


f =

   -0.2502


f =

   -0.2591


f =

   -0.2675


f =

   -0.2753


f =

   -0.2824


f =

   -0.2885


f =

   -0.2936


f =

   -0.2975

Elapsed time is 127.942017 seconds.

f =

     0


f =

   -0.0127


f =

   -0.0252


f =

   -0.0377


f =

   -0.0501


f =

   -0.0624


f =

   -0.0745


f =

   -0.0866


f =

   -0.0986


f =

   -0.1105


f =

   -0.1222


f =

   -0.1339


f =

   -0.1454


f =

   -0.1567


f =

   -0.1679


f =

   -0.1790


f =

   -0.1899


f =

   -0.2006


f =

   -0.2110


f =

   -0.2213


f =

   -0.2312


f =

   -0.2409


f =

   -0.2502


f =

   -0.2591


f =

   -0.2675


f =

   -0.2753


f =

   -0.2824


f =

   -0.2885


f =

   -0.2936


f =

   -0.2975

Elapsed time is 127.965705 seconds.

f =

     1

Elapsed time is 0.899128 seconds.

f =

     2

Elapsed time is 4.991004 seconds.

f =

     2

Elapsed time is 5.024633 seconds.

f =

     2

Elapsed time is 5.005931 seconds.

f =

     2

Elapsed time is 5.005268 seconds.

f =

     2

Elapsed time is 4.992823 seconds.

f =

     2

Elapsed time is 4.999412 seconds.

f =

     2

Elapsed time is 5.013550 seconds.

f =

     0


f =

   -0.0127


f =

   -0.0252


f =

   -0.0377


f =

   -0.0501


f =

   -0.0624


f =

   -0.0745


f =

   -0.0866


f =

   -0.0986


f =

   -0.1105


f =

   -0.1222


f =

   -0.1339


f =

   -0.1454


f =

   -0.1567


f =

   -0.1679


f =

   -0.1790


f =

   -0.1899


f =

   -0.2006


f =

   -0.2110


f =

   -0.2213


f =

   -0.2312


f =

   -0.2409


f =

   -0.2502


f =

   -0.2591


f =

   -0.2675


f =

   -0.2753


f =

   -0.2824


f =

   -0.2885


f =

   -0.2936


f =

   -0.2975

Elapsed time is 127.753234 seconds.

f =

     0


f =

   -0.0127


f =

   -0.0252


f =

   -0.0377


f =

   -0.0501


f =

   -0.0624


f =

   -0.0745


f =

   -0.0866


f =

   -0.0986


f =

   -0.1105


f =

   -0.1222


f =

   -0.1339


f =

   -0.1454


f =

   -0.1567


f =

   -0.1679


f =

   -0.1790


f =

   -0.1899


f =

   -0.2006


f =

   -0.2110


f =

   -0.2213


f =

   -0.2312


f =

   -0.2409


f =

   -0.2502


f =

   -0.2591


f =

   -0.2675


f =

   -0.2753


f =

   -0.2824


f =

   -0.2885


f =

   -0.2936


f =

   -0.2975

Elapsed time is 127.696642 seconds.

f =

     0


f =

   -0.0127


f =

   -0.0252


f =

   -0.0377


f =

   -0.0501


f =

   -0.0624


f =

   -0.0745


f =

   -0.0866


f =

   -0.0986


f =

   -0.1105


f =

   -0.1222


f =

   -0.1339


f =

   -0.1454


f =

   -0.1567


f =

   -0.1679


f =

   -0.1790


f =

   -0.1899


f =

   -0.2006


f =

   -0.2110


f =

   -0.2213


f =

   -0.2312


f =

   -0.2409


f =

   -0.2502


f =

   -0.2591


f =

   -0.2675


f =

   -0.2753


f =

   -0.2824


f =

   -0.2885


f =

   -0.2936


f =

   -0.2975

Elapsed time is 127.985912 seconds.

f =

     1

Elapsed time is 0.885071 seconds.

f =

     2

Elapsed time is 4.999886 seconds.

f =

     2

Elapsed time is 5.010257 seconds.

f =

     2

Elapsed time is 4.999186 seconds.

f =

     2

Elapsed time is 4.974057 seconds.

f =

     2

Elapsed time is 5.012036 seconds.

f =

     2

Elapsed time is 4.981034 seconds.

f =

     2

Elapsed time is 4.991278 seconds.

f =

     2

Elapsed time is 5.005422 seconds.

f =

     2

Elapsed time is 5.000848 seconds.

f =

     0


f =

   -0.0127


f =

   -0.0252


f =

   -0.0377


f =

   -0.0501


f =

   -0.0624


f =

   -0.0745


f =

   -0.0866


f =

   -0.0986


f =

   -0.1105


f =

   -0.1222


f =

   -0.1339


f =

   -0.1454


f =

   -0.1567


f =

   -0.1679


f =

   -0.1790


f =

   -0.1899


f =

   -0.2006


f =

   -0.2110


f =

   -0.2213


f =

   -0.2312


f =

   -0.2409


f =

   -0.2502


f =

   -0.2591


f =

   -0.2675


f =

   -0.2753


f =

   -0.2824


f =

   -0.2885


f =

   -0.2936


f =

   -0.2975

Elapsed time is 127.834625 seconds.

f =

     0


f =

   -0.0127


f =

   -0.0252


f =

   -0.0377


f =

   -0.0501


f =

   -0.0624


f =

   -0.0745


f =

   -0.0866


f =

   -0.0986


f =

   -0.1105


f =

   -0.1222


f =

   -0.1339


f =

   -0.1454


f =

   -0.1567


f =

   -0.1679


f =

   -0.1790


f =

   -0.1899


f =

   -0.2006


f =

   -0.2110


f =

   -0.2213


f =

   -0.2312


f =

   -0.2409


f =

   -0.2502


f =

   -0.2591


f =

   -0.2675


f =

   -0.2753


f =

   -0.2824


f =

   -0.2885


f =

   -0.2936


f =

   -0.2975

Elapsed time is 127.424577 seconds.

f =

     0


f =

   -0.0127


f =

   -0.0252


f =

   -0.0377


f =

   -0.0501


f =

   -0.0624


f =

   -0.0745


f =

   -0.0866


f =

   -0.0986


f =

   -0.1105


f =

   -0.1222


f =

   -0.1339


f =

   -0.1454


f =

   -0.1567


f =

   -0.1679


f =

   -0.1790


f =

   -0.1899


f =

   -0.2006


f =

   -0.2110


f =

   -0.2213


f =

   -0.2312


f =

   -0.2409


f =

   -0.2502


f =

   -0.2591


f =

   -0.2675


f =

   -0.2753


f =

   -0.2824


f =

   -0.2885


f =

   -0.2936


f =

   -0.2975

Elapsed time is 127.929648 seconds.

f =

     1

Elapsed time is 0.882819 seconds.

f =

     2

Elapsed time is 4.971465 seconds.

f =

     2

Elapsed time is 4.983231 seconds.

f =

     2

Elapsed time is 4.986213 seconds.

f =

     2

Elapsed time is 4.943192 seconds.

f =

     2

Elapsed time is 5.019549 seconds.

f =

     2

Elapsed time is 5.010375 seconds.

f =

     0


f =

   -0.0127


f =

   -0.0252


f =

   -0.0377


f =

   -0.0501


f =

   -0.0624


f =

   -0.0745


f =

   -0.0866


f =

   -0.0986


f =

   -0.1105


f =

   -0.1222


f =

   -0.1339


f =

   -0.1454


f =

   -0.1567


f =

   -0.1679


f =

   -0.1790


f =

   -0.1899


f =

   -0.2006


f =

   -0.2110


f =

   -0.2213


f =

   -0.2313


f =

   -0.2409


f =

   -0.2502


f =

   -0.2591


f =

   -0.2675


f =

   -0.2753


f =

   -0.2824


f =

   -0.2885


f =

   -0.2936


f =

   -0.2975

Elapsed time is 128.075843 seconds.

f =

     0


f =

   -0.0127


f =

   -0.0252


f =

   -0.0377


f =

   -0.0501


f =

   -0.0624


f =

   -0.0745


f =

   -0.0866


f =

   -0.0986


f =

   -0.1105


f =

   -0.1222


f =

   -0.1339


f =

   -0.1454


f =

   -0.1567


f =

   -0.1679


f =

   -0.1790


f =

   -0.1899


f =

   -0.2006


f =

   -0.2110


f =

   -0.2213


f =

   -0.2313


f =

   -0.2409


f =

   -0.2502


f =

   -0.2591


f =

   -0.2675


f =

   -0.2753


f =

   -0.2824


f =

   -0.2885


f =

   -0.2936


f =

   -0.2975

Elapsed time is 127.421793 seconds.

f =

     0


f =

   -0.0127


f =

   -0.0252


f =

   -0.0377


f =

   -0.0501


f =

   -0.0624


f =

   -0.0745


f =

   -0.0866


f =

   -0.0986


f =

   -0.1105


f =

   -0.1222


f =

   -0.1339


f =

   -0.1454


f =

   -0.1567


f =

   -0.1679


f =

   -0.1790


f =

   -0.1899


f =

   -0.2006


f =

   -0.2110


f =

   -0.2213


f =

   -0.2313


f =

   -0.2409


f =

   -0.2502


f =

   -0.2591


f =

   -0.2675


f =

   -0.2753


f =

   -0.2824


f =

   -0.2885


f =

   -0.2936


f =

   -0.2975

Elapsed time is 127.907416 seconds.

f =

     2

Elapsed time is 4.979655 seconds.

f =

     2

Elapsed time is 4.972861 seconds.

f =

     2

Elapsed time is 4.981435 seconds.

f =

     2

Elapsed time is 5.004609 seconds.

f =

     2

Elapsed time is 5.013318 seconds.

f =

     2

Elapsed time is 5.000494 seconds.

f =

     2

Elapsed time is 4.990075 seconds.

f =

     2

Elapsed time is 4.989095 seconds.

f =

     2

Elapsed time is 4.988185 seconds.

f =

     2

Elapsed time is 5.015198 seconds.

f =

     2

Elapsed time is 4.996785 seconds.

f =

     2

Elapsed time is 4.999383 seconds.

f =

     0


f =

   -0.0127


f =

   -0.0252


f =

   -0.0377


f =

   -0.0501


f =

   -0.0624


f =

   -0.0745


f =

   -0.0866


f =

   -0.0986


f =

   -0.1105


f =

   -0.1222


f =

   -0.1339


f =

   -0.1454


f =

   -0.1567


f =

   -0.1679


f =

   -0.1790


f =

   -0.1899


f =

   -0.2006


f =

   -0.2110


f =

   -0.2213


f =

   -0.2313


f =

   -0.2409


f =

   -0.2502


f =

   -0.2591


f =

   -0.2675


f =

   -0.2753


f =

   -0.2824


f =

   -0.2885


f =

   -0.2936


f =

   -0.2975

Elapsed time is 128.053124 seconds.

f =

     0


f =

   -0.0127


f =

   -0.0252


f =

   -0.0377


f =

   -0.0501


f =

   -0.0624


f =

   -0.0745


f =

   -0.0866


f =

   -0.0986


f =

   -0.1105


f =

   -0.1222


f =

   -0.1339


f =

   -0.1454


f =

   -0.1567


f =

   -0.1679


f =

   -0.1790


f =

   -0.1899


f =

   -0.2006


f =

   -0.2110


f =

   -0.2213


f =

   -0.2313


f =

   -0.2409


f =

   -0.2502


f =

   -0.2591


f =

   -0.2675


f =

   -0.2753


f =

   -0.2824


f =

   -0.2885


f =

   -0.2936


f =

   -0.2975

Elapsed time is 127.529587 seconds.

f =

     2

Elapsed time is 4.975763 seconds.

f =

     1

Elapsed time is 0.883085 seconds.

f =

     2

Elapsed time is 4.942436 seconds.

f =

     2

Elapsed time is 4.979580 seconds.

f =

     2

Elapsed time is 4.979054 seconds.

f =

     0


f =

   -0.0127


f =

   -0.0252


f =

   -0.0377


f =

   -0.0501


f =

   -0.0624


f =

   -0.0745


f =

   -0.0866


f =

   -0.0986


f =

   -0.1105


f =

   -0.1222


f =

   -0.1339


f =

   -0.1454


f =

   -0.1567


f =

   -0.1679


f =

   -0.1790


f =

   -0.1899


f =

   -0.2006


f =

   -0.2110


f =

   -0.2213


f =

   -0.2313


f =

   -0.2409


f =

   -0.2502


f =

   -0.2591


f =

   -0.2675


f =

   -0.2753


f =

   -0.2824


f =

   -0.2885


f =

   -0.2936


f =

   -0.2975

Elapsed time is 127.913247 seconds.

f =

     0


f =

   -0.0127


f =

   -0.0252


f =

   -0.0377


f =

   -0.0501


f =

   -0.0624


f =

   -0.0745


f =

   -0.0866


f =

   -0.0986


f =

   -0.1105


f =

   -0.1222


f =

   -0.1339


f =

   -0.1454


f =

   -0.1567


f =

   -0.1679


f =

   -0.1790


f =

   -0.1899


f =

   -0.2006


f =

   -0.2110


f =

   -0.2213


f =

   -0.2313


f =

   -0.2409


f =

   -0.2502


f =

   -0.2591


f =

   -0.2675


f =

   -0.2753


f =

   -0.2824


f =

   -0.2885


f =

   -0.2936


f =

   -0.2975

Elapsed time is 129.199822 seconds.

f =

     0


f =

   -0.0127


f =

   -0.0252


f =

   -0.0377


f =

   -0.0501


f =

   -0.0624


f =

   -0.0745


f =

   -0.0866


f =

   -0.0986


f =

   -0.1105


f =

   -0.1222


f =

   -0.1339


f =

   -0.1454


f =

   -0.1567


f =

   -0.1679


f =

   -0.1790


f =

   -0.1899


f =

   -0.2006


f =

   -0.2110


f =

   -0.2213


f =

   -0.2313


f =

   -0.2409


f =

   -0.2502


f =

   -0.2591


f =

   -0.2675


f =

   -0.2753


f =

   -0.2824


f =

   -0.2885


f =

   -0.2936


f =

   -0.2975

Elapsed time is 128.293913 seconds.

f =

     0


f =

   -0.0127


f =

   -0.0252


f =

   -0.0377


f =

   -0.0501


f =

   -0.0624


f =

   -0.0745


f =

   -0.0866


f =

   -0.0986


f =

   -0.1105


f =

   -0.1222


f =

   -0.1339


f =

   -0.1454


f =

   -0.1567


f =

   -0.1679


f =

   -0.1790


f =

   -0.1899


f =

   -0.2006


f =

   -0.2110


f =

   -0.2213


f =

   -0.2313


f =

   -0.2409


f =

   -0.2502


f =

   -0.2591


f =

   -0.2675


f =

   -0.2753


f =

   -0.2824


f =

   -0.2885


f =

   -0.2936


f =

   -0.2975

Elapsed time is 128.605548 seconds.

f =

     0


f =

   -0.0127


f =

   -0.0252


f =

   -0.0377


f =

   -0.0501


f =

   -0.0624


f =

   -0.0745


f =

   -0.0866


f =

   -0.0986


f =

   -0.1105


f =

   -0.1222


f =

   -0.1339


f =

   -0.1454


f =

   -0.1567


f =

   -0.1679


f =

   -0.1790


f =

   -0.1899


f =

   -0.2006


f =

   -0.2110


f =

   -0.2213


f =

   -0.2313


f =

   -0.2409


f =

   -0.2502


f =

   -0.2591


f =

   -0.2675


f =

   -0.2753


f =

   -0.2824


f =

   -0.2885


f =

   -0.2936


f =

   -0.2975

Elapsed time is 128.435141 seconds.

f =

     0


f =

   -0.0127


f =

   -0.0252


f =

   -0.0377


f =

   -0.0501


f =

   -0.0624


f =

   -0.0745


f =

   -0.0866


f =

   -0.0986


f =

   -0.1105


f =

   -0.1222


f =

   -0.1339


f =

   -0.1454


f =

   -0.1567


f =

   -0.1679


f =

   -0.1790


f =

   -0.1899


f =

   -0.2006


f =

   -0.2110


f =

   -0.2213


f =

   -0.2313


f =

   -0.2409


f =

   -0.2502


f =

   -0.2591


f =

   -0.2675


f =

   -0.2753


f =

   -0.2824


f =

   -0.2885


f =

   -0.2936


f =

   -0.2975

Elapsed time is 127.417874 seconds.

f =

     0


f =

   -0.0127


f =

   -0.0252


f =

   -0.0377


f =

   -0.0501


f =

   -0.0624


f =

   -0.0745


f =

   -0.0866


f =

   -0.0986


f =

   -0.1105


f =

   -0.1222


f =

   -0.1339


f =

   -0.1454


f =

   -0.1567


f =

   -0.1679


f =

   -0.1790


f =

   -0.1899


f =

   -0.2006


f =

   -0.2110


f =

   -0.2213


f =

   -0.2313


f =

   -0.2409


f =

   -0.2502


f =

   -0.2591


f =

   -0.2675


f =

   -0.2753


f =

   -0.2824


f =

   -0.2885


f =

   -0.2936


f =

   -0.2975

Elapsed time is 127.839597 seconds.

f =

     0


f =

   -0.0127


f =

   -0.0252


f =

   -0.0377


f =

   -0.0501


f =

   -0.0624


f =

   -0.0745


f =

   -0.0866


f =

   -0.0986


f =

   -0.1105


f =

   -0.1222


f =

   -0.1339


f =

   -0.1454


f =

   -0.1567


f =

   -0.1679


f =

   -0.1790


f =

   -0.1899


f =

   -0.2006


f =

   -0.2110


f =

   -0.2213


f =

   -0.2313


f =

   -0.2409


f =

   -0.2502


f =

   -0.2591


f =

   -0.2675


f =

   -0.2753


f =

   -0.2824


f =

   -0.2885


f =

   -0.2936


f =

   -0.2975

Elapsed time is 127.962106 seconds.

f =

     0


f =

   -0.0127


f =

   -0.0252


f =

   -0.0377


f =

   -0.0501


f =

   -0.0624


f =

   -0.0745


f =

   -0.0866


f =

   -0.0986


f =

   -0.1105


f =

   -0.1222


f =

   -0.1339


f =

   -0.1454


f =

   -0.1567


f =

   -0.1679


f =

   -0.1790


f =

   -0.1899


f =

   -0.2006


f =

   -0.2110


f =

   -0.2213


f =

   -0.2313


f =

   -0.2409


f =

   -0.2502


f =

   -0.2591


f =

   -0.2675


f =

   -0.2753


f =

   -0.2824


f =

   -0.2885


f =

   -0.2936


f =

   -0.2975

Elapsed time is 127.721413 seconds.

f =

     1

Elapsed time is 0.916884 seconds.

f =

     1

Elapsed time is 0.866435 seconds.

f =

     1

Elapsed time is 0.876884 seconds.

f =

     1

Elapsed time is 0.874906 seconds.

f =

     1

Elapsed time is 0.874288 seconds.

f =

     1

Elapsed time is 0.866754 seconds.

f =

     0


f =

   -0.0055


f =

   -0.0100


f =

   -0.0138


f =

   -0.0166

Elapsed time is 25.383858 seconds.

f =

     0


f =

   -0.0055


f =

   -0.0100


f =

   -0.0138


f =

   -0.0166

Elapsed time is 25.395235 seconds.

f =

     0


f =

   -0.0055


f =

   -0.0100


f =

   -0.0138


f =

   -0.0166

Elapsed time is 25.428714 seconds.

f =

     0


f =

   -0.0044


f =

   -0.0082


f =

   -0.0114

Elapsed time is 21.297671 seconds.

f =

     0


f =

   -0.0044


f =

   -0.0082


f =

   -0.0114

Elapsed time is 21.442325 seconds.

f =

     0


f =

   -0.0044


f =

   -0.0082


f =

   -0.0114

Elapsed time is 21.461820 seconds.

f =

     0


f =

   -0.0108


f =

   -0.0212


f =

   -0.0310


f =

   -0.0404


f =

   -0.0492


f =

   -0.0574


f =

   -0.0649


f =

   -0.0717


f =

   -0.0777


f =

   -0.0828


f =

   -0.0870

Elapsed time is 54.287405 seconds.

f =

     0


f =

   -0.0108


f =

   -0.0212


f =

   -0.0310


f =

   -0.0404


f =

   -0.0492


f =

   -0.0574


f =

   -0.0649


f =

   -0.0717


f =

   -0.0777


f =

   -0.0828


f =

   -0.0870

Elapsed time is 54.295456 seconds.

f =

     0


f =

   -0.0108


f =

   -0.0212


f =

   -0.0310


f =

   -0.0404


f =

   -0.0492


f =

   -0.0574


f =

   -0.0649


f =

   -0.0717


f =

   -0.0777


f =

   -0.0828


f =

   -0.0870

Elapsed time is 54.290376 seconds.

f =

     1

Elapsed time is 0.890209 seconds.

f =

     2

Elapsed time is 4.980117 seconds.

f =

     2

Elapsed time is 4.998433 seconds.

f =

     0


f =

   -0.0165


f =

   -0.0327


f =

   -0.0485


f =

   -0.0640


f =

   -0.0791


f =

   -0.0938


f =

   -0.1080


f =

   -0.1218


f =

   -0.1350


f =

   -0.1476


f =

   -0.1597


f =

   -0.1710


f =

   -0.1816


f =

   -0.1914


f =

   -0.2002


f =

   -0.2079


f =

   -0.2144


f =

   -0.2197

Elapsed time is 82.999458 seconds.

f =

     0


f =

   -0.0165


f =

   -0.0327


f =

   -0.0485


f =

   -0.0640


f =

   -0.0791


f =

   -0.0938


f =

   -0.1080


f =

   -0.1218


f =

   -0.1350


f =

   -0.1476


f =

   -0.1597


f =

   -0.1710


f =

   -0.1816


f =

   -0.1914


f =

   -0.2002


f =

   -0.2079


f =

   -0.2144


f =

   -0.2197

Elapsed time is 82.605667 seconds.

f =

     0


f =

   -0.0165


f =

   -0.0327


f =

   -0.0485


f =

   -0.0640


f =

   -0.0791


f =

   -0.0938


f =

   -0.1080


f =

   -0.1218


f =

   -0.1350


f =

   -0.1476


f =

   -0.1597


f =

   -0.1710


f =

   -0.1816


f =

   -0.1914


f =

   -0.2002


f =

   -0.2079


f =

   -0.2144


f =

   -0.2197

Elapsed time is 82.581393 seconds.

f =

     1

Elapsed time is 0.891650 seconds.

f =

     2

Elapsed time is 4.984858 seconds.

f =

     2

Elapsed time is 4.998280 seconds.

f =

     2

Elapsed time is 5.000478 seconds.

f =

     2

Elapsed time is 5.005913 seconds.

f =

     2

Elapsed time is 4.980749 seconds.

f =

     2

Elapsed time is 5.000114 seconds.

f =

     2

Elapsed time is 5.007668 seconds.

f =

     2

Elapsed time is 4.986505 seconds.

f =

     0


f =

   -0.0171


f =

   -0.0340


f =

   -0.0504


f =

   -0.0665


f =

   -0.0823


f =

   -0.0976


f =

   -0.1125


f =

   -0.1270


f =

   -0.1409


f =

   -0.1543


f =

   -0.1670


f =

   -0.1791


f =

   -0.1905


f =

   -0.2011


f =

   -0.2107


f =

   -0.2193


f =

   -0.2268


f =

   -0.2330


f =

   -0.2378

Elapsed time is 86.957123 seconds.

f =

     0


f =

   -0.0171


f =

   -0.0340


f =

   -0.0504


f =

   -0.0665


f =

   -0.0823


f =

   -0.0976


f =

   -0.1125


f =

   -0.1270


f =

   -0.1409


f =

   -0.1543


f =

   -0.1670


f =

   -0.1791


f =

   -0.1905


f =

   -0.2011


f =

   -0.2107


f =

   -0.2193


f =

   -0.2268


f =

   -0.2330


f =

   -0.2378

Elapsed time is 87.275199 seconds.

f =

     0


f =

   -0.0171


f =

   -0.0340


f =

   -0.0504


f =

   -0.0665


f =

   -0.0823


f =

   -0.0976


f =

   -0.1125


f =

   -0.1270


f =

   -0.1409


f =

   -0.1543


f =

   -0.1670


f =

   -0.1791


f =

   -0.1905


f =

   -0.2011


f =

   -0.2107


f =

   -0.2193


f =

   -0.2268


f =

   -0.2330


f =

   -0.2378

Elapsed time is 87.040681 seconds.

f =

     1

Elapsed time is 0.878539 seconds.

f =

     2

Elapsed time is 4.967974 seconds.

f =

     2

Elapsed time is 4.976023 seconds.

f =

     2

Elapsed time is 4.969078 seconds.

f =

     2

Elapsed time is 4.973050 seconds.

f =

     2

Elapsed time is 4.964104 seconds.

f =

     2

Elapsed time is 4.988188 seconds.

f =

     2

Elapsed time is 4.961619 seconds.

f =

     0


f =

   -0.0174


f =

   -0.0345


f =

   -0.0513


f =

   -0.0677


f =

   -0.0837


f =

   -0.0993


f =

   -0.1145


f =

   -0.1292


f =

   -0.1435


f =

   -0.1571


f =

   -0.1702


f =

   -0.1827


f =

   -0.1944


f =

   -0.2053


f =

   -0.2153


f =

   -0.2243


f =

   -0.2322


f =

   -0.2388


f =

   -0.2441

Elapsed time is 86.619010 seconds.

f =

     0


f =

   -0.0174


f =

   -0.0345


f =

   -0.0513


f =

   -0.0677


f =

   -0.0837


f =

   -0.0993


f =

   -0.1145


f =

   -0.1292


f =

   -0.1435


f =

   -0.1571


f =

   -0.1702


f =

   -0.1827


f =

   -0.1944


f =

   -0.2053


f =

   -0.2153


f =

   -0.2243


f =

   -0.2322


f =

   -0.2388


f =

   -0.2441

Elapsed time is 86.907980 seconds.

f =

     0


f =

   -0.0174


f =

   -0.0345


f =

   -0.0513


f =

   -0.0677


f =

   -0.0837


f =

   -0.0993


f =

   -0.1145


f =

   -0.1292


f =

   -0.1435


f =

   -0.1571


f =

   -0.1702


f =

   -0.1827


f =

   -0.1944


f =

   -0.2053


f =

   -0.2153


f =

   -0.2243


f =

   -0.2322


f =

   -0.2388


f =

   -0.2441

Elapsed time is 87.068805 seconds.

f =

     1

Elapsed time is 0.886790 seconds.

f =

     2

Elapsed time is 5.023023 seconds.

f =

     2

Elapsed time is 4.991172 seconds.

f =

     2

Elapsed time is 4.993887 seconds.

f =

     2

Elapsed time is 4.995217 seconds.

f =

     2

Elapsed time is 4.999368 seconds.

f =

     2

Elapsed time is 5.000281 seconds.

f =

     2

Elapsed time is 4.988870 seconds.

f =

     0


f =

   -0.0175


f =

   -0.0347


f =

   -0.0516


f =

   -0.0681


f =

   -0.0843


f =

   -0.1000


f =

   -0.1154


f =

   -0.1302


f =

   -0.1446


f =

   -0.1584


f =

   -0.1716


f =

   -0.1842


f =

   -0.1961


f =

   -0.2071


f =

   -0.2173


f =

   -0.2265


f =

   -0.2345


f =

   -0.2413


f =

   -0.2468

Elapsed time is 87.518422 seconds.

f =

     0


f =

   -0.0175


f =

   -0.0347


f =

   -0.0516


f =

   -0.0681


f =

   -0.0843


f =

   -0.1000


f =

   -0.1154


f =

   -0.1302


f =

   -0.1446


f =

   -0.1584


f =

   -0.1716


f =

   -0.1842


f =

   -0.1961


f =

   -0.2071


f =

   -0.2173


f =

   -0.2265


f =

   -0.2345


f =

   -0.2413


f =

   -0.2468

Elapsed time is 86.813247 seconds.

f =

     0


f =

   -0.0175


f =

   -0.0347


f =

   -0.0516


f =

   -0.0681


f =

   -0.0843


f =

   -0.1000


f =

   -0.1154


f =

   -0.1302


f =

   -0.1446


f =

   -0.1584


f =

   -0.1716


f =

   -0.1842


f =

   -0.1961


f =

   -0.2071


f =

   -0.2173


f =

   -0.2265


f =

   -0.2345


f =

   -0.2413


f =

   -0.2468

Elapsed time is 86.605989 seconds.

f =

     1

Elapsed time is 0.881204 seconds.

f =

     2

Elapsed time is 4.905608 seconds.

f =

     2

Elapsed time is 4.986857 seconds.

f =

     2

Elapsed time is 4.997083 seconds.

f =

     2

Elapsed time is 4.977437 seconds.

f =

     2

Elapsed time is 4.997939 seconds.

f =

     2

Elapsed time is 4.996670 seconds.

f =

     2

Elapsed time is 5.025142 seconds.

f =

     0


f =

   -0.0176


f =

   -0.0348


f =

   -0.0518


f =

   -0.0684


f =

   -0.0846


f =

   -0.1004


f =

   -0.1157


f =

   -0.1307


f =

   -0.1451


f =

   -0.1590


f =

   -0.1722


f =

   -0.1849


f =

   -0.1968


f =

   -0.2080


f =

   -0.2182


f =

   -0.2274


f =

   -0.2356


f =

   -0.2425


f =

   -0.2480

Elapsed time is 86.996477 seconds.

f =

     0


f =

   -0.0176


f =

   -0.0348


f =

   -0.0518


f =

   -0.0684


f =

   -0.0846


f =

   -0.1004


f =

   -0.1157


f =

   -0.1307


f =

   -0.1451


f =

   -0.1590


f =

   -0.1722


f =

   -0.1849


f =

   -0.1968


f =

   -0.2080


f =

   -0.2182


f =

   -0.2274


f =

   -0.2356


f =

   -0.2425


f =

   -0.2480

Elapsed time is 86.958187 seconds.

f =

     0


f =

   -0.0176


f =

   -0.0348


f =

   -0.0518


f =

   -0.0684


f =

   -0.0846


f =

   -0.1004


f =

   -0.1157


f =

   -0.1307


f =

   -0.1451


f =

   -0.1590


f =

   -0.1722


f =

   -0.1849


f =

   -0.1968


f =

   -0.2080


f =

   -0.2182


f =

   -0.2274


f =

   -0.2356


f =

   -0.2425


f =

   -0.2480

Elapsed time is 87.119847 seconds.

f =

     1

Elapsed time is 0.893889 seconds.

f =

     2

Elapsed time is 4.998386 seconds.

f =

     2

Elapsed time is 5.010504 seconds.

f =

     2

Elapsed time is 5.025559 seconds.

f =

     2

Elapsed time is 4.951982 seconds.

f =

     2

Elapsed time is 4.949959 seconds.

f =

     2

Elapsed time is 4.980383 seconds.

f =

     2

Elapsed time is 4.985480 seconds.

f =

     2

Elapsed time is 4.960427 seconds.

f =

     2

Elapsed time is 4.959757 seconds.

f =

     0


f =

   -0.0176


f =

   -0.0349


f =

   -0.0518


f =

   -0.0684


f =

   -0.0846


f =

   -0.1004


f =

   -0.1158


f =

   -0.1307


f =

   -0.1451


f =

   -0.1590


f =

   -0.1723


f =

   -0.1850


f =

   -0.1969


f =

   -0.2080


f =

   -0.2183


f =

   -0.2275


f =

   -0.2357


f =

   -0.2426


f =

   -0.2481

Elapsed time is 86.685258 seconds.

f =

     0


f =

   -0.0176


f =

   -0.0349


f =

   -0.0518


f =

   -0.0684


f =

   -0.0846


f =

   -0.1004


f =

   -0.1158


f =

   -0.1307


f =

   -0.1451


f =

   -0.1590


f =

   -0.1723


f =

   -0.1850


f =

   -0.1969


f =

   -0.2080


f =

   -0.2183


f =

   -0.2275


f =

   -0.2357


f =

   -0.2426


f =

   -0.2481

Elapsed time is 86.871672 seconds.

f =

     0


f =

   -0.0176


f =

   -0.0349


f =

   -0.0518


f =

   -0.0684


f =

   -0.0846


f =

   -0.1004


f =

   -0.1158


f =

   -0.1307


f =

   -0.1451


f =

   -0.1590


f =

   -0.1723


f =

   -0.1850


f =

   -0.1969


f =

   -0.2080


f =

   -0.2183


f =

   -0.2275


f =

   -0.2357


f =

   -0.2426


f =

   -0.2481

Elapsed time is 87.130517 seconds.

f =

     1

Elapsed time is 0.889641 seconds.

f =

     2

Elapsed time is 4.992584 seconds.

f =

     2

Elapsed time is 4.911627 seconds.

f =

     2

Elapsed time is 4.995723 seconds.

f =

     2

Elapsed time is 4.988909 seconds.

f =

     2

Elapsed time is 4.975350 seconds.

f =

     2

Elapsed time is 4.981738 seconds.

f =

     2

Elapsed time is 4.990523 seconds.

f =

     0


f =

   -0.0176


f =

   -0.0349


f =

   -0.0518


f =

   -0.0684


f =

   -0.0846


f =

   -0.1004


f =

   -0.1158


f =

   -0.1307


f =

   -0.1452


f =

   -0.1590


f =

   -0.1723


f =

   -0.1850


f =

   -0.1969


f =

   -0.2081


f =

   -0.2183


f =

   -0.2276


f =

   -0.2357


f =

   -0.2426


f =

   -0.2482

Elapsed time is 87.033767 seconds.

f =

     0


f =

   -0.0176


f =

   -0.0349


f =

   -0.0518


f =

   -0.0684


f =

   -0.0846


f =

   -0.1004


f =

   -0.1158


f =

   -0.1307


f =

   -0.1452


f =

   -0.1590


f =

   -0.1723


f =

   -0.1850


f =

   -0.1969


f =

   -0.2081


f =

   -0.2183


f =

   -0.2276


f =

   -0.2357


f =

   -0.2426


f =

   -0.2482

Elapsed time is 87.049876 seconds.

f =

     0


f =

   -0.0176


f =

   -0.0349


f =

   -0.0518


f =

   -0.0684


f =

   -0.0846


f =

   -0.1004


f =

   -0.1158


f =

   -0.1307


f =

   -0.1452


f =

   -0.1590


f =

   -0.1723


f =

   -0.1850


f =

   -0.1969


f =

   -0.2081


f =

   -0.2183


f =

   -0.2276


f =

   -0.2357


f =

   -0.2426


f =

   -0.2482

Elapsed time is 86.681192 seconds.

f =

     1

Elapsed time is 0.875951 seconds.

f =

     2

Elapsed time is 4.953122 seconds.

f =

     2

Elapsed time is 4.949190 seconds.

f =

     2

Elapsed time is 4.778353 seconds.

f =

     2

Elapsed time is 4.988949 seconds.

f =

     2

Elapsed time is 5.003263 seconds.

f =

     2

Elapsed time is 5.000279 seconds.

f =

     2

Elapsed time is 5.011165 seconds.

f =

     2

Elapsed time is 4.989518 seconds.

f =

     2

Elapsed time is 4.993033 seconds.

f =

     0


f =

   -0.0176


f =

   -0.0349


f =

   -0.0518


f =

   -0.0684


f =

   -0.0846


f =

   -0.1004


f =

   -0.1158


f =

   -0.1307


f =

   -0.1452


f =

   -0.1590


f =

   -0.1723


f =

   -0.1850


f =

   -0.1969


f =

   -0.2081


f =

   -0.2183


f =

   -0.2276


f =

   -0.2357


f =

   -0.2426


f =

   -0.2482

Elapsed time is 87.091457 seconds.

f =

     0


f =

   -0.0176


f =

   -0.0349


f =

   -0.0518


f =

   -0.0684


f =

   -0.0846


f =

   -0.1004


f =

   -0.1158


f =

   -0.1307


f =

   -0.1452


f =

   -0.1590


f =

   -0.1723


f =

   -0.1850


f =

   -0.1969


f =

   -0.2081


f =

   -0.2183


f =

   -0.2276


f =

   -0.2357


f =

   -0.2426


f =

   -0.2482

Elapsed time is 87.108727 seconds.

f =

     0


f =

   -0.0176


f =

   -0.0349


f =

   -0.0518


f =

   -0.0684


f =

   -0.0846


f =

   -0.1004


f =

   -0.1158


f =

   -0.1307


f =

   -0.1452


f =

   -0.1590


f =

   -0.1723


f =

   -0.1850


f =

   -0.1969


f =

   -0.2081


f =

   -0.2183


f =

   -0.2276


f =

   -0.2357


f =

   -0.2426


f =

   -0.2482

Elapsed time is 87.094230 seconds.

f =

     1

Elapsed time is 0.881376 seconds.

f =

     2

Elapsed time is 4.994008 seconds.

f =

     2

Elapsed time is 4.994759 seconds.

f =

     2

Elapsed time is 4.915113 seconds.

f =

     2

Elapsed time is 4.955852 seconds.

f =

     2

Elapsed time is 4.953943 seconds.

f =

     2

Elapsed time is 5.000913 seconds.

f =

     2

Elapsed time is 4.968105 seconds.

f =

     2

Elapsed time is 4.969538 seconds.

f =

     0


f =

   -0.0176


f =

   -0.0349


f =

   -0.0518


f =

   -0.0684


f =

   -0.0846


f =

   -0.1004


f =

   -0.1158


f =

   -0.1307


f =

   -0.1452


f =

   -0.1590


f =

   -0.1723


f =

   -0.1850


f =

   -0.1969


f =

   -0.2081


f =

   -0.2183


f =

   -0.2276


f =

   -0.2357


f =

   -0.2426


f =

   -0.2482

Elapsed time is 86.790183 seconds.

f =

     0


f =

   -0.0176


f =

   -0.0349


f =

   -0.0518


f =

   -0.0684


f =

   -0.0846


f =

   -0.1004


f =

   -0.1158


f =

   -0.1307


f =

   -0.1452


f =

   -0.1590


f =

   -0.1723


f =

   -0.1850


f =

   -0.1969


f =

   -0.2081


f =

   -0.2183


f =

   -0.2276


f =

   -0.2357


f =

   -0.2426


f =

   -0.2482

Elapsed time is 86.791729 seconds.

f =

     0


f =

   -0.0176


f =

   -0.0349


f =

   -0.0518


f =

   -0.0684


f =

   -0.0846


f =

   -0.1004


f =

   -0.1158


f =

   -0.1307


f =

   -0.1452


f =

   -0.1590


f =

   -0.1723


f =

   -0.1850


f =

   -0.1969


f =

   -0.2081


f =

   -0.2183


f =

   -0.2276


f =

   -0.2357


f =

   -0.2426


f =

   -0.2482

Elapsed time is 87.071966 seconds.

f =

     1

Elapsed time is 0.881344 seconds.

f =

     2

Elapsed time is 4.986936 seconds.

f =

     2

Elapsed time is 4.983535 seconds.

f =

     2

Elapsed time is 4.894482 seconds.

f =

     2

Elapsed time is 4.998933 seconds.

f =

     2

Elapsed time is 5.008094 seconds.

f =

     2

Elapsed time is 4.994110 seconds.

f =

     2

Elapsed time is 5.003654 seconds.

f =

     2

Elapsed time is 4.980487 seconds.

f =

     0


f =

   -0.0176


f =

   -0.0349


f =

   -0.0518


f =

   -0.0684


f =

   -0.0846


f =

   -0.1004


f =

   -0.1158


f =

   -0.1307


f =

   -0.1452


f =

   -0.1590


f =

   -0.1723


f =

   -0.1850


f =

   -0.1969


f =

   -0.2081


f =

   -0.2183


f =

   -0.2276


f =

   -0.2357


f =

   -0.2426


f =

   -0.2482

Elapsed time is 87.054785 seconds.

f =

     0


f =

   -0.0176


f =

   -0.0349


f =

   -0.0518


f =

   -0.0684


f =

   -0.0846


f =

   -0.1004


f =

   -0.1158


f =

   -0.1307


f =

   -0.1452


f =

   -0.1590


f =

   -0.1723


f =

   -0.1850


f =

   -0.1969


f =

   -0.2081


f =

   -0.2183


f =

   -0.2276


f =

   -0.2357


f =

   -0.2426


f =

   -0.2482

Elapsed time is 86.699408 seconds.

f =

     0


f =

   -0.0176


f =

   -0.0349


f =

   -0.0518


f =

   -0.0684


f =

   -0.0846


f =

   -0.1004


f =

   -0.1158


f =

   -0.1307


f =

   -0.1452


f =

   -0.1590


f =

   -0.1723


f =

   -0.1850


f =

   -0.1969


f =

   -0.2081


f =

   -0.2183


f =

   -0.2276


f =

   -0.2357


f =

   -0.2426


f =

   -0.2482

Elapsed time is 86.722111 seconds.

f =

     1

Elapsed time is 0.879917 seconds.

f =

     2

Elapsed time is 4.953286 seconds.

f =

     2

Elapsed time is 4.969921 seconds.

f =

     2

Elapsed time is 4.956835 seconds.

f =

     2

Elapsed time is 5.010498 seconds.

f =

     2

Elapsed time is 5.007822 seconds.

f =

     2

Elapsed time is 4.996964 seconds.

f =

     2

Elapsed time is 4.989371 seconds.

f =

     2

Elapsed time is 4.985192 seconds.

f =

     0


f =

   -0.0176


f =

   -0.0349


f =

   -0.0518


f =

   -0.0684


f =

   -0.0846


f =

   -0.1004


f =

   -0.1158


f =

   -0.1307


f =

   -0.1452


f =

   -0.1590


f =

   -0.1723


f =

   -0.1850


f =

   -0.1969


f =

   -0.2081


f =

   -0.2183


f =

   -0.2276


f =

   -0.2357


f =

   -0.2426


f =

   -0.2482

Elapsed time is 87.085033 seconds.

f =

     0


f =

   -0.0176


f =

   -0.0349


f =

   -0.0518


f =

   -0.0684


f =

   -0.0846


f =

   -0.1004


f =

   -0.1158


f =

   -0.1307


f =

   -0.1452


f =

   -0.1590


f =

   -0.1723


f =

   -0.1850


f =

   -0.1969


f =

   -0.2081


f =

   -0.2183


f =

   -0.2276


f =

   -0.2357


f =

   -0.2426


f =

   -0.2482

Elapsed time is 87.011829 seconds.

f =

     2

Elapsed time is 4.994330 seconds.

f =

     1

Elapsed time is 0.888277 seconds.

f =

     2

Elapsed time is 4.994153 seconds.

f =

     2

Elapsed time is 4.988329 seconds.

f =

     2

Elapsed time is 4.994334 seconds.

f =

     0


f =

   -0.0176


f =

   -0.0349


f =

   -0.0518


f =

   -0.0684


f =

   -0.0846


f =

   -0.1004


f =

   -0.1158


f =

   -0.1307


f =

   -0.1452


f =

   -0.1590


f =

   -0.1723


f =

   -0.1850


f =

   -0.1969


f =

   -0.2081


f =

   -0.2183


f =

   -0.2276


f =

   -0.2357


f =

   -0.2426


f =

   -0.2482

Elapsed time is 86.992763 seconds.

f =

     0


f =

   -0.0176


f =

   -0.0349


f =

   -0.0518


f =

   -0.0684


f =

   -0.0846


f =

   -0.1004


f =

   -0.1158


f =

   -0.1307


f =

   -0.1452


f =

   -0.1590


f =

   -0.1723


f =

   -0.1850


f =

   -0.1969


f =

   -0.2081


f =

   -0.2183


f =

   -0.2276


f =

   -0.2357


f =

   -0.2426


f =

   -0.2482

Elapsed time is 86.903127 seconds.

f =

     0


f =

   -0.0176


f =

   -0.0349


f =

   -0.0518


f =

   -0.0684


f =

   -0.0846


f =

   -0.1004


f =

   -0.1158


f =

   -0.1307


f =

   -0.1452


f =

   -0.1590


f =

   -0.1723


f =

   -0.1850


f =

   -0.1969


f =

   -0.2081


f =

   -0.2183


f =

   -0.2276


f =

   -0.2357


f =

   -0.2426


f =

   -0.2482

Elapsed time is 86.754710 seconds.

f =

     0


f =

   -0.0176


f =

   -0.0349


f =

   -0.0518


f =

   -0.0684


f =

   -0.0846


f =

   -0.1004


f =

   -0.1158


f =

   -0.1307


f =

   -0.1452


f =

   -0.1590


f =

   -0.1723


f =

   -0.1850


f =

   -0.1969


f =

   -0.2081


f =

   -0.2183


f =

   -0.2276


f =

   -0.2357


f =

   -0.2426


f =

   -0.2482

Elapsed time is 87.212692 seconds.

f =

     0


f =

   -0.0176


f =

   -0.0349


f =

   -0.0518


f =

   -0.0684


f =

   -0.0846


f =

   -0.1004


f =

   -0.1158


f =

   -0.1307


f =

   -0.1452


f =

   -0.1590


f =

   -0.1723


f =

   -0.1850


f =

   -0.1969


f =

   -0.2081


f =

   -0.2183


f =

   -0.2276


f =

   -0.2357


f =

   -0.2426


f =

   -0.2482

Elapsed time is 86.954992 seconds.

f =

     0


f =

   -0.0176


f =

   -0.0349


f =

   -0.0518


f =

   -0.0684


f =

   -0.0846


f =

   -0.1004


f =

   -0.1158


f =

   -0.1307


f =

   -0.1452


f =

   -0.1590


f =

   -0.1723


f =

   -0.1850


f =

   -0.1969


f =

   -0.2081


f =

   -0.2183


f =

   -0.2276


f =

   -0.2357


f =

   -0.2426


f =

   -0.2482

Elapsed time is 87.075675 seconds.

f =

     0


f =

   -0.0176


f =

   -0.0349


f =

   -0.0518


f =

   -0.0684


f =

   -0.0846


f =

   -0.1004


f =

   -0.1158


f =

   -0.1307


f =

   -0.1452


f =

   -0.1590


f =

   -0.1723


f =

   -0.1850


f =

   -0.1969


f =

   -0.2081


f =

   -0.2183


f =

   -0.2276


f =

   -0.2357


f =

   -0.2426


f =

   -0.2482

Elapsed time is 86.756706 seconds.

f =

     0


f =

   -0.0176


f =

   -0.0349


f =

   -0.0518


f =

   -0.0684


f =

   -0.0846


f =

   -0.1004


f =

   -0.1158


f =

   -0.1307


f =

   -0.1452


f =

   -0.1590


f =

   -0.1723


f =

   -0.1850


f =

   -0.1969


f =

   -0.2081


f =

   -0.2183


f =

   -0.2276


f =

   -0.2357


f =

   -0.2426


f =

   -0.2482

Elapsed time is 86.632869 seconds.

f =

     0


f =

   -0.0176


f =

   -0.0349


f =

   -0.0518


f =

   -0.0684


f =

   -0.0846


f =

   -0.1004


f =

   -0.1158


f =

   -0.1307


f =

   -0.1452


f =

   -0.1590


f =

   -0.1723


f =

   -0.1850


f =

   -0.1969


f =

   -0.2081


f =

   -0.2183


f =

   -0.2276


f =

   -0.2357


f =

   -0.2426


f =

   -0.2482

Elapsed time is 87.092297 seconds.

f =

     1

Elapsed time is 0.886225 seconds.

f =

     1

Elapsed time is 0.887411 seconds.

f =

     1

Elapsed time is 0.889031 seconds.

f =

     1

Elapsed time is 0.908438 seconds.

f =

     1

Elapsed time is 0.889608 seconds.

f =

     1

Elapsed time is 0.891163 seconds.

f =

     1

Elapsed time is 0.941200 seconds.

f =

     1

Elapsed time is 0.891117 seconds.

f =

     1

Elapsed time is 0.891790 seconds.

f =

     1

Elapsed time is 0.892907 seconds.

f =

     1

Elapsed time is 0.887287 seconds.

f =

     1

Elapsed time is 0.887176 seconds.

f =

     1

Elapsed time is 0.883211 seconds.

f =

     1

Elapsed time is 0.889555 seconds.

f =

     1

Elapsed time is 0.892122 seconds.

f =

     1

Elapsed time is 0.894465 seconds.

f =

     1

Elapsed time is 0.890408 seconds.

f =

     1

Elapsed time is 0.884299 seconds.

MultiStart completed the runs from all start points.

All 10 local solver runs converged with a positive local solver exit flag.
[Warning: Directory already exists.] 
[> In Optimization_pleated_filter (line 92)] 
{Error using parallel.internal.queue.JavaBackedFuture/waitScalar (line 230)
The client lost connection to worker 1. This might be due to network problems, or the interactive communicating job might have errored.

Error in parallel.internal.queue.Future>@(o)waitScalar(o,predicate,waitGranularity,deadline) (line 294)
            ret = all(arrayfun(@(o) waitScalar(o, predicate, waitGranularity, deadline), ...

Error in parallel.internal.queue.Future/wait (line 294)
            ret = all(arrayfun(@(o) waitScalar(o, predicate, waitGranularity, deadline), ...

Error in parallel.internal.pool.pctOnClientShutdown (line 12)
        wait(p.parfevalOnAll(@dctFinishInteractiveSession, 0), 'finished', 5);
} 
